<?xml version="1.0" encoding="UTF-8"?>
<!-- Generated by org.testng.reporters.JUnitXMLReporter -->
<testsuite hostname="MBP-Mikhail.lan" ignored="0" name="Surefire test" tests="4" failures="0" timestamp="09 мая 2019 19:51:39 GMT" time="79.006" errors="0">
  <testcase name="firstTest" time="7.633" classname="ruBeru.FirstTest"/>
  <testcase name="secondTest" time="13.989" classname="ruBeru.SecondTest"/>
  <testcase name="secondTest" time="17.272" classname="ruBeru.SecondTest"/>
  <testcase name="thirdTest" time="11.852" classname="ruBeru.ThirdTest"/>
</testsuite> <!-- Surefire test -->
